<?xml version="1.0" encoding="UTF-8"?>
<!-- Generated by org.testng.reporters.JUnitReportReporter -->
<testsuite hostname="RajDiv" failures="0" tests="1" name="com.hrms.testscripts.TC002" time="5.574" errors="0" timestamp="28 Nov 2023 15:21:59 GMT">
  <testcase classname="com.hrms.testscripts.TC002" name="tc002" time="5.574"/>
</testsuite> <!-- com.hrms.testscripts.TC002 -->
