<?xml version="1.0" encoding="UTF-8"?>
<!-- Generated by org.testng.reporters.JUnitReportReporter -->
<testsuite hostname="RajDiv" failures="0" tests="1" name="com.hrms.testscripts.TC_001" time="3.445" errors="0" timestamp="25 Nov 2023 13:11:42 GMT">
  <testcase classname="com.hrms.testscripts.TC_001" name="tc001" time="3.445"/>
</testsuite> <!-- com.hrms.testscripts.TC_001 -->
